[07/23/23, 08:16:46:689] info: 
╔════════════════════════════════════════════════════╗
║      Slack 4.33.73, linux 6.1.39-1-lts on x64      ║
╚════════════════════════════════════════════════════╝ 
[07/23/23, 08:16:46:689] info: Configured logger via 
{
  "enableConsoleTransport": true,
  "identifierOverride": "webapp-auth-console",
  "shouldUseNewBackend": false,
  "loggerInstanceCount": 4
}
[07/23/23, 08:16:46:690] info: Predefined values for process 
{
  "NODE_ENV": "production",
  "platform": "linux",
  "type": "browser",
  "timeZone": "Asia/Calcutta",
  "PACKAGE_MANIFEST.productName": "Slack",
  "PACKAGE_MANIFEST.version": "4.33.73",
  "PACKAGE_MANIFEST.commit": "e0b59d9",
  "PACKAGE_MANIFEST.branch": "HEAD"
}
