2023-07-23 13:35:27.100 [info] Extension host with pid 396505 started
2023-07-23 13:35:27.100 [info] Skipping acquiring lock for /home/atmegabuzz/.config/Code/User/workspaceStorage/a7032a9015bb085e965c752cb5f0dc36.
2023-07-23 13:35:27.153 [info] ExtensionService#_doActivateExtension vscode.git-base, startup: true, activationEvent: '*'
2023-07-23 13:35:27.161 [info] ExtensionService#_doActivateExtension vscode.github, startup: true, activationEvent: '*'
2023-07-23 13:35:27.171 [info] Eager extensions activated
2023-07-23 13:35:27.183 [info] ExtensionService#_doActivateExtension vscode.debug-auto-launch, startup: false, activationEvent: 'onStartupFinished'
2023-07-23 13:35:27.185 [info] ExtensionService#_doActivateExtension vscode.merge-conflict, startup: false, activationEvent: 'onStartupFinished'
2023-07-23 13:35:27.254 [info] ExtensionService#_doActivateExtension vscode.github-authentication, startup: false, activationEvent: 'onAuthenticationRequest:github'
2023-07-23 13:35:27.322 [info] ExtensionService#_doActivateExtension vscode.microsoft-authentication, startup: false, activationEvent: 'onAuthenticationRequest:microsoft'
2023-07-23 13:35:28.453 [info] ExtensionService#_doActivateExtension vscode.git, startup: false, activationEvent: 'api', root cause: vscode.github
2023-07-23 13:35:28.673 [warning] [Decorations] CAPPING events from decorations provider vscode.git 9314
2023-07-23 13:35:29.277 [warning] [Decorations] CAPPING events from decorations provider vscode.git 9314
2023-07-23 13:35:31.754 [warning] [Decorations] CAPPING events from decorations provider vscode.git 9316
2023-07-23 13:35:40.348 [warning] [Decorations] CAPPING events from decorations provider vscode.git 9316
2023-07-23 13:35:45.450 [warning] [Decorations] CAPPING events from decorations provider vscode.git 9315
2023-07-23 13:35:50.068 [info] ExtensionService#_doActivateExtension vscode.emmet, startup: false, activationEvent: 'onLanguage'
2023-07-23 13:35:50.552 [warning] [Decorations] CAPPING events from decorations provider vscode.git 9315
2023-07-23 13:35:55.663 [warning] [Decorations] CAPPING events from decorations provider vscode.git 9315
2023-07-23 13:36:00.790 [warning] [Decorations] CAPPING events from decorations provider vscode.git 9315
2023-07-23 13:36:05.898 [warning] [Decorations] CAPPING events from decorations provider vscode.git 9315
2023-07-23 13:36:07.977 [info] ExtensionService#_doActivateExtension vscode.npm, startup: false, activationEvent: 'onTerminalQuickFixRequest:ms-vscode.npm-command'
2023-07-23 13:36:11.016 [warning] [Decorations] CAPPING events from decorations provider vscode.git 9315
